<?xml version="1.0" encoding="UTF-8"?>
<testsuite xmlns:xsi="http://www.w3.org/2001/XMLSchema-instance" xsi:noNamespaceSchemaLocation="https://maven.apache.org/surefire/maven-surefire-plugin/xsd/surefire-test-report-3.0.xsd" version="3.0" name="com.example.Integration.ActiveTaskApplicationTests" time="7.959" tests="1" errors="0" skipped="0" failures="0">
  <properties>
[...]
</properties>
  <testcase name="contextLoads" classname="com.example.Integration.ActiveTaskApplicationTests" time="1.266">
    <system-out><![CDATA[11:49:52.192 [main] INFO org.springframework.test.context.support.AnnotationConfigContextLoaderUtils -- Could not detect default configuration classes for test class [com.example.Integration.ActiveTaskApplicationTests]: ActiveTaskApplicationTests does not declare any static, non-private, non-final, nested classes annotated with @Configuration.
11:49:52.319 [main] INFO org.springframework.boot.test.context.SpringBootTestContextBootstrapper -- Found @SpringBootConfiguration com.example.Integration.ActiveTaskApplication for test class com.example.Integration.ActiveTaskApplicationTests
11:49:52.674 [main] INFO org.springframework.boot.devtools.restart.RestartApplicationListener -- Restart disabled due to context in which it is running

  .   ____          _            __ _ _
 /\\ / ___'_ __ _ _(_)_ __  __ _ \ \ \ \
( ( )\___ | '_ | '_| | '_ \/ _` | \ \ \ \
 \\/  ___)| |_)| | | | | || (_| |  ) ) ) )
  '  |____| .__|_| |_|_| |_\__, | / / / /
 =========|_|==============|___/=/_/_/_/

 :: Spring Boot ::                (v3.3.2)

2024-07-19T11:49:53.415+05:30  INFO 10612 --- [ActiveTask] [           main] c.e.I.ActiveTaskApplicationTests         : Starting ActiveTaskApplicationTests using Java 17.0.10 with PID 10612 (started by BSIT-021 in C:\Users\BSIT-021\Documents\workspace-spring-tool-suite-4-4.23.1.RELEASE\ActiveTask)
2024-07-19T11:49:53.416+05:30  INFO 10612 --- [ActiveTask] [           main] c.e.I.ActiveTaskApplicationTests         : No active profile set, falling back to 1 default profile: "default"
2024-07-19T11:49:54.372+05:30  INFO 10612 --- [ActiveTask] [           main] .s.d.r.c.RepositoryConfigurationDelegate : Bootstrapping Spring Data JDBC repositories in DEFAULT mode.
2024-07-19T11:49:54.392+05:30  INFO 10612 --- [ActiveTask] [           main] .s.d.r.c.RepositoryConfigurationDelegate : Finished Spring Data repository scanning in 15 ms. Found 0 JDBC repository interfaces.
2024-07-19T11:49:55.123+05:30  WARN 10612 --- [ActiveTask] [           main] trationDelegate$BeanPostProcessorChecker : Bean 'org.springframework.ws.config.annotation.DelegatingWsConfiguration' of type [org.springframework.ws.config.annotation.DelegatingWsConfiguration$$SpringCGLIB$$0] is not eligible for getting processed by all BeanPostProcessors (for example: not eligible for auto-proxying). The currently created BeanPostProcessor [annotationActionEndpointMapping] is declared through a non-static factory method on that class; consider declaring it as static instead.
2024-07-19T11:49:56.056+05:30  INFO 10612 --- [ActiveTask] [           main] .w.s.a.s.AnnotationActionEndpointMapping : Supporting [WS-Addressing August 2004, WS-Addressing 1.0]
2024-07-19T11:49:56.848+05:30  INFO 10612 --- [ActiveTask] [           main] com.zaxxer.hikari.HikariDataSource       : HikariPool-1 - Starting...
2024-07-19T11:49:57.442+05:30  INFO 10612 --- [ActiveTask] [           main] com.zaxxer.hikari.pool.HikariPool        : HikariPool-1 - Added connection com.mysql.cj.jdbc.ConnectionImpl@2bb31455
2024-07-19T11:49:57.445+05:30  INFO 10612 --- [ActiveTask] [           main] com.zaxxer.hikari.HikariDataSource       : HikariPool-1 - Start completed.
2024-07-19T11:49:57.822+05:30  INFO 10612 --- [ActiveTask] [           main] c.e.I.ActiveTaskApplicationTests         : Started ActiveTaskApplicationTests in 5.161 seconds (process running for 7.255)
]]></system-out>
  </testcase>
</testsuite>